<?xml version="1.0" encoding="UTF-8"?>
<!-- Generated by org.testng.reporters.JUnitXMLReporter -->
<testsuite ignored="0" hostname="LAPTOP-3V5VJ7LV" failures="1" tests="1" name="FaceBook Test" time="21.833" errors="0" timestamp="15 May 2022 06:23:23 GMT">
  <testcase classname="testcases.TC_LoginTest_001" name="loginTest" time="11.125">
    <failure type="java.lang.AssertionError" message="expected [true] but found [false]">
      <![CDATA[java.lang.AssertionError: expected [true] but found [false]
at testcases.TC_LoginTest_001.loginTest(TC_LoginTest_001.java:26)
... Removed 29 stack frames]]>
    </failure>
  </testcase> <!-- loginTest -->
</testsuite> <!-- FaceBook Test -->
