<?xml version="1.0" encoding="UTF-8"?>
<testng-results ignored="0" total="1" passed="1" failed="0" skipped="0">
  <reporter-output>
  </reporter-output>
  <suite started-at="2022-05-17T05:34:33Z" name="Suite" finished-at="2022-05-17T05:35:01Z" duration-ms="27744">
    <groups>
    </groups>
    <test started-at="2022-05-17T05:34:33Z" name="FaceBook Test" finished-at="2022-05-17T05:35:01Z" duration-ms="27744">
      <class name="testcases.TC_LoginTest_001">
        <test-method is-config="true" signature="setup()[pri:0, instance:testcases.TC_LoginTest_001@44a7bfbc]" started-at="2022-05-17T05:34:34Z" name="setup" finished-at="2022-05-17T05:34:49Z" duration-ms="15429" status="PASS">
          <reporter-output>
          </reporter-output>
        </test-method> <!-- setup -->
        <test-method signature="loginTest()[pri:0, instance:testcases.TC_LoginTest_001@44a7bfbc]" started-at="2022-05-17T05:34:49Z" name="loginTest" finished-at="2022-05-17T05:34:59Z" duration-ms="10122" status="PASS">
          <reporter-output>
          </reporter-output>
        </test-method> <!-- loginTest -->
        <test-method is-config="true" signature="tearDown()[pri:0, instance:testcases.TC_LoginTest_001@44a7bfbc]" started-at="2022-05-17T05:34:59Z" name="tearDown" finished-at="2022-05-17T05:35:01Z" duration-ms="1629" status="PASS">
          <reporter-output>
          </reporter-output>
        </test-method> <!-- tearDown -->
      </class> <!-- testcases.TC_LoginTest_001 -->
    </test> <!-- FaceBook Test -->
  </suite> <!-- Suite -->
</testng-results>
