<?xml version="1.0" encoding="UTF-8"?>
<testng-results ignored="0" total="1" passed="1" failed="0" skipped="0">
  <reporter-output>
  </reporter-output>
  <suite started-at="2022-05-17T03:17:19Z" name="Default suite" finished-at="2022-05-17T03:17:34Z" duration-ms="15623">
    <groups>
    </groups>
    <test started-at="2022-05-17T03:17:19Z" name="Default test" finished-at="2022-05-17T03:17:34Z" duration-ms="15623">
      <class name="testcases.TC_LoginTest_001">
        <test-method is-config="true" signature="setup()[pri:0, instance:testcases.TC_LoginTest_001@5f8e8a9d]" started-at="2022-05-17T03:17:19Z" name="setup" finished-at="2022-05-17T03:17:23Z" duration-ms="4273" status="PASS">
          <reporter-output>
          </reporter-output>
        </test-method> <!-- setup -->
        <test-method signature="loginTest()[pri:0, instance:testcases.TC_LoginTest_001@5f8e8a9d]" started-at="2022-05-17T03:17:23Z" name="loginTest" finished-at="2022-05-17T03:17:34Z" duration-ms="10932" status="PASS">
          <reporter-output>
          </reporter-output>
        </test-method> <!-- loginTest -->
        <test-method is-config="true" signature="tearDown()[pri:0, instance:testcases.TC_LoginTest_001@5f8e8a9d]" started-at="2022-05-17T03:17:34Z" name="tearDown" finished-at="2022-05-17T03:17:34Z" duration-ms="385" status="PASS">
          <reporter-output>
          </reporter-output>
        </test-method> <!-- tearDown -->
      </class> <!-- testcases.TC_LoginTest_001 -->
    </test> <!-- Default test -->
  </suite> <!-- Default suite -->
</testng-results>
